Removed Pin From Net: NetName=PGND Pin=ls1-7
Removed Pin From Net: NetName=5V Pin=ls1-14
Removed Pin From Net: NetName=5V Pin=P4-1
Removed Pin From Net: NetName=PGND Pin=P4-8
Removed Pin From Net: NetName=PGND Pin=Q1-S
Removed Pin From Net: NetName=PGND Pin=Q2-S
Removed Pin From Net: NetName=PGND Pin=Q3-S
Removed Pin From Net: NetName=PGND Pin=Q4-S
Removed Pin From Net: NetName=PGND Pin=Q5-S
Removed Pin From Net: NetName=PGND Pin=Q6-S
Removed Pin From Net: NetName=5V Pin=R1-2
Removed Pin From Net: NetName=5V Pin=R2-2
Removed Pin From Net: NetName=5V Pin=R4-2
Removed Pin From Net: NetName=5V Pin=R5-2
Removed Pin From Net: NetName=5V Pin=R6-2
Removed Pin From Net: NetName=5V Pin=R7-2
Removed Pin From Net: NetName=5V Pin=R8-2
Removed Pin From Net: NetName=5V Pin=R9-2
Removed Pin From Net: NetName=5V Pin=R10-2
Removed Pin From Net: NetName=5V Pin=R11-2
Removed Pin From Net: NetName=5V Pin=R12-2
Removed Pin From Net: NetName=5V Pin=R13-2
Removed Pin From Net: NetName=PGND Pin=RELAY_POWER1-2
Removed Member From Class: ClassName=原理图 Member=D2
Removed Member From Class: ClassName=原理图 Member=D3
Removed Member From Class: ClassName=原理图 Member=D4
Removed Member From Class: ClassName=原理图 Member=D5
Removed Member From Class: ClassName=原理图 Member=D6
Removed Member From Class: ClassName=原理图 Member=D7
Removed Member From Class: ClassName=原理图 Member=LED1
Removed Member From Class: ClassName=原理图 Member=LED2
Removed Member From Class: ClassName=原理图 Member=LED3
Removed Member From Class: ClassName=原理图 Member=LED4
Removed Member From Class: ClassName=原理图 Member=LED5
Removed Member From Class: ClassName=原理图 Member=LED6
Removed Member From Class: ClassName=原理图 Member=ls1
Removed Member From Class: ClassName=原理图 Member=P4
Removed Member From Class: ClassName=原理图 Member=Q1
Removed Member From Class: ClassName=原理图 Member=Q2
Removed Member From Class: ClassName=原理图 Member=Q3
Removed Member From Class: ClassName=原理图 Member=Q4
Removed Member From Class: ClassName=原理图 Member=Q5
Removed Member From Class: ClassName=原理图 Member=Q6
Removed Member From Class: ClassName=原理图 Member=R1
Removed Member From Class: ClassName=原理图 Member=R2
Removed Member From Class: ClassName=原理图 Member=R4
Removed Member From Class: ClassName=原理图 Member=R5
Removed Member From Class: ClassName=原理图 Member=R6
Removed Member From Class: ClassName=原理图 Member=R7
Removed Member From Class: ClassName=原理图 Member=R8
Removed Member From Class: ClassName=原理图 Member=R9
Removed Member From Class: ClassName=原理图 Member=R10
Removed Member From Class: ClassName=原理图 Member=R11
Removed Member From Class: ClassName=原理图 Member=R12
Removed Member From Class: ClassName=原理图 Member=R13
Removed Member From Class: ClassName=原理图 Member=Relay1
Removed Member From Class: ClassName=原理图 Member=Relay2
Removed Member From Class: ClassName=原理图 Member=Relay3
Removed Member From Class: ClassName=原理图 Member=Relay4
Removed Member From Class: ClassName=原理图 Member=Relay5
Removed Member From Class: ClassName=原理图 Member=Relay6
Removed Member From Class: ClassName=原理图 Member=RELAY_POWER1
Added Room: Name=原理图
Added Room: Name=最小系统
