Removed Member From Class: ClassName=最小系统 Member=R4
Removed Member From Class: ClassName=最小系统 Member=R5
Removed Member From Class: ClassName=最小系统 Member=R6
Added Pin To Net: NetName=VCC-15 Pin=BOARD_POWER1-1
Added Pin To Net: NetName=VCC-15 Pin=R4-2
Change Net Name : Old Net Name=VCC-15 New Net Name=12V
Added Member To Class: ClassName=原理图 Member=Component C5 Cap Pol1
Added Member To Class: ClassName=原理图 Member=Component C6 Cap Pol1
Added Member To Class: ClassName=原理图 Member=Component C7 Cap
Added Member To Class: ClassName=原理图 Member=Component C8 Cap
Added Member To Class: ClassName=最小系统 Member=Component C13 Cap
Added Member To Class: ClassName=最小系统 Member=Component C14 Cap
Added Member To Class: ClassName=最小系统 Member=Component C15 Cap
Added Member To Class: ClassName=最小系统 Member=Component C16 Cap
Added Member To Class: ClassName=最小系统 Member=Component P5 IO
Added Member To Class: ClassName=原理图 Member=Component R3 3.24K
Added Member To Class: ClassName=原理图 Member=Component R14 Res1
Added Member To Class: ClassName=原理图 Member=Component R15 Res1
Added Member To Class: ClassName=原理图 Member=Component R16 Res1
Added Member To Class: ClassName=原理图 Member=Component R17 Res1
Added Member To Class: ClassName=原理图 Member=Component R18 Res1
Added Member To Class: ClassName=最小系统 Member=Component R19 Res1
Added Member To Class: ClassName=最小系统 Member=Component R20 Res1
Added Member To Class: ClassName=最小系统 Member=Component R24 Res1
