Removed Pin From Net: NetName=3V3 Pin=C13-1
Removed Pin From Net: NetName=GND Pin=C13-2
Removed Pin From Net: NetName=3V3 Pin=C14-1
Removed Pin From Net: NetName=GND Pin=C14-2
Removed Pin From Net: NetName=3V3 Pin=C15-1
Removed Pin From Net: NetName=GND Pin=C15-2
Removed Pin From Net: NetName=3V3 Pin=C16-1
Removed Pin From Net: NetName=GND Pin=C16-2
Removed Pin From Net: NetName=GND Pin=C17-2
Removed Pin From Net: NetName=3V3 Pin=C18-1
Removed Pin From Net: NetName=GND Pin=C18-2
Removed Pin From Net: NetName=GND Pin=C19-1
Removed Pin From Net: NetName=GND Pin=C20-1
Removed Pin From Net: NetName=GND Pin=R42-2
Removed Pin From Net: NetName=GND Pin=R43-2
Removed Pin From Net: NetName=3V3 Pin=R44-2
Removed Pin From Net: NetName=PA13 Pin=R46-1
Removed Pin From Net: NetName=3V3 Pin=R46-2
Removed Pin From Net: NetName=PA14 Pin=R47-1
Removed Pin From Net: NetName=GND Pin=R47-2
Removed Pin From Net: NetName=GND Pin=S1-2
Removed Pin From Net: NetName=3V3 Pin=SWD1-1
Removed Pin From Net: NetName=PA13 Pin=SWD1-2
Removed Pin From Net: NetName=PA14 Pin=SWD1-3
Removed Pin From Net: NetName=GND Pin=SWD1-4
Removed Pin From Net: NetName=3V3 Pin=U3-1
Removed Pin From Net: NetName=PC0 Pin=U3-8
Removed Pin From Net: NetName=PC1 Pin=U3-9
Removed Pin From Net: NetName=PC2 Pin=U3-10
Removed Pin From Net: NetName=PC3 Pin=U3-11
Removed Pin From Net: NetName=GND Pin=U3-12
Removed Pin From Net: NetName=3V3 Pin=U3-13
Removed Pin From Net: NetName=PA0 Pin=U3-14
Removed Pin From Net: NetName=PA1 Pin=U3-15
Removed Pin From Net: NetName=PA2 Pin=U3-16
Removed Pin From Net: NetName=PA3 Pin=U3-17
Removed Pin From Net: NetName=GND Pin=U3-18
Removed Pin From Net: NetName=3V3 Pin=U3-19
Removed Pin From Net: NetName=PA4 Pin=U3-20
Removed Pin From Net: NetName=PA5 Pin=U3-21
Removed Pin From Net: NetName=PA6 Pin=U3-22
Removed Pin From Net: NetName=PA7 Pin=U3-23
Removed Pin From Net: NetName=PC5 Pin=U3-25
Removed Pin From Net: NetName=PB0 Pin=U3-26
Removed Pin From Net: NetName=PB1 Pin=U3-27
Removed Pin From Net: NetName=PB10 Pin=U3-29
Removed Pin From Net: NetName=PB11 Pin=U3-30
Removed Pin From Net: NetName=GND Pin=U3-31
Removed Pin From Net: NetName=3V3 Pin=U3-32
Removed Pin From Net: NetName=PB12 Pin=U3-33
Removed Pin From Net: NetName=PB13 Pin=U3-34
Removed Pin From Net: NetName=PB14 Pin=U3-35
Removed Pin From Net: NetName=PB15 Pin=U3-36
Removed Pin From Net: NetName=PC6 Pin=U3-37
Removed Pin From Net: NetName=PC7 Pin=U3-38
Removed Pin From Net: NetName=PC8 Pin=U3-39
Removed Pin From Net: NetName=PC9 Pin=U3-40
Removed Pin From Net: NetName=PA8 Pin=U3-41
Removed Pin From Net: NetName=PA9 Pin=U3-42
Removed Pin From Net: NetName=PA10 Pin=U3-43
Removed Pin From Net: NetName=PA11 Pin=U3-44
Removed Pin From Net: NetName=PA12 Pin=U3-45
Removed Pin From Net: NetName=PA13 Pin=U3-46
Removed Pin From Net: NetName=GND Pin=U3-47
Removed Pin From Net: NetName=3V3 Pin=U3-48
Removed Pin From Net: NetName=PA14 Pin=U3-49
Removed Pin From Net: NetName=PA15 Pin=U3-50
Removed Pin From Net: NetName=PC10 Pin=U3-51
Removed Pin From Net: NetName=PC11 Pin=U3-52
Removed Pin From Net: NetName=PC12 Pin=U3-53
Removed Pin From Net: NetName=PD2 Pin=U3-54
Removed Pin From Net: NetName=PB3 Pin=U3-55
Removed Pin From Net: NetName=PB4 Pin=U3-56
Removed Pin From Net: NetName=PB5 Pin=U3-57
Removed Pin From Net: NetName=PB6 Pin=U3-58
Removed Pin From Net: NetName=PB7 Pin=U3-59
Removed Pin From Net: NetName=PB8 Pin=U3-61
Removed Pin From Net: NetName=PB9 Pin=U3-62
Removed Pin From Net: NetName=GND Pin=U3-63
Removed Pin From Net: NetName=3V3 Pin=U3-64
Removed Member From Class: ClassName=最小系统 Member=C13
Removed Member From Class: ClassName=最小系统 Member=C14
Removed Member From Class: ClassName=最小系统 Member=C15
Removed Member From Class: ClassName=最小系统 Member=C16
Removed Member From Class: ClassName=最小系统 Member=C17
Removed Member From Class: ClassName=最小系统 Member=C18
Removed Member From Class: ClassName=最小系统 Member=C19
Removed Member From Class: ClassName=最小系统 Member=C20
Removed Member From Class: ClassName=最小系统 Member=R42
Removed Member From Class: ClassName=最小系统 Member=R43
Removed Member From Class: ClassName=最小系统 Member=R44
Removed Member From Class: ClassName=最小系统 Member=R45
Removed Member From Class: ClassName=最小系统 Member=R46
Removed Member From Class: ClassName=最小系统 Member=R47
Removed Member From Class: ClassName=最小系统 Member=S1
Removed Member From Class: ClassName=最小系统 Member=SWD1
Removed Member From Class: ClassName=最小系统 Member=U3
Removed Member From Class: ClassName=最小系统 Member=Y1
Added Component: Designator=Core(STM32F103Small)
Added Pin To Net: NetName=3V3 Pin=Core-1
Added Pin To Net: NetName=3V3 Pin=Core-2
Added Pin To Net: NetName=GND Pin=Core-4
Added Pin To Net: NetName=GND Pin=Core-5
Added Pin To Net: NetName=PC0 Pin=Core-6
Added Pin To Net: NetName=PC1 Pin=Core-7
Added Pin To Net: NetName=PC2 Pin=Core-8
Added Pin To Net: NetName=PC3 Pin=Core-9
Added Pin To Net: NetName=PA0 Pin=Core-10
Added Pin To Net: NetName=PA1 Pin=Core-11
Added Pin To Net: NetName=PA2 Pin=Core-12
Added Pin To Net: NetName=PA3 Pin=Core-13
Added Pin To Net: NetName=3V3 Pin=Core-14
Added Pin To Net: NetName=PA4 Pin=Core-15
Added Pin To Net: NetName=PA5 Pin=Core-16
Added Pin To Net: NetName=PA6 Pin=Core-17
Added Pin To Net: NetName=PA7 Pin=Core-18
Added Pin To Net: NetName=PC5 Pin=Core-20
Added Pin To Net: NetName=PB0 Pin=Core-21
Added Pin To Net: NetName=PB1 Pin=Core-22
Added Pin To Net: NetName=PB10 Pin=Core-24
Added Pin To Net: NetName=PB11 Pin=Core-25
Added Pin To Net: NetName=PB9 Pin=Core-26
Added Pin To Net: NetName=PB8 Pin=Core-27
Added Pin To Net: NetName=PB7 Pin=Core-28
Added Pin To Net: NetName=PB6 Pin=Core-29
Added Pin To Net: NetName=PB5 Pin=Core-30
Added Pin To Net: NetName=PB4 Pin=Core-31
Added Pin To Net: NetName=PB3 Pin=Core-32
Added Pin To Net: NetName=PD2 Pin=Core-33
Added Pin To Net: NetName=PC10 Pin=Core-34
Added Pin To Net: NetName=PA15 Pin=Core-35
Added Pin To Net: NetName=PA14 Pin=Core-36
Added Pin To Net: NetName=PA13 Pin=Core-37
Added Pin To Net: NetName=PA12 Pin=Core-38
Added Pin To Net: NetName=PA11 Pin=Core-39
Added Pin To Net: NetName=PA10 Pin=Core-40
Added Pin To Net: NetName=PA9 Pin=Core-41
Added Pin To Net: NetName=PA8 Pin=Core-42
Added Pin To Net: NetName=PC9 Pin=Core-43
Added Pin To Net: NetName=PC8 Pin=Core-44
Added Pin To Net: NetName=PC7 Pin=Core-45
Added Pin To Net: NetName=PC6 Pin=Core-46
Added Pin To Net: NetName=PB15 Pin=Core-47
Added Pin To Net: NetName=PB14 Pin=Core-48
Added Pin To Net: NetName=PB13 Pin=Core-49
Added Pin To Net: NetName=PB12 Pin=Core-50
Added Pin To Net: NetName=PB2 Pin=Core-23
Added Pin To Net: NetName=PB2 Pin=P5-3
Added Net: Name=PB2
Added Pin To Net: NetName=PC4 Pin=Core-19
Added Pin To Net: NetName=PC4 Pin=P5-7
Added Net: Name=PC4
Added Member To Class: ClassName=最小系统 Member=Component Core STM32F103 SMALL
Added Member To Class: ClassName=原理图 Member=Component I2C2 Header 4
Added Member To Class: ClassName=最小系统 Member=Component P6 IO
Added Room: Name=原理图
Added Room: Name=最小系统
