Added Component: Designator=P5(Header 25)
Added Component: Designator=P6(Header 25)
Added Pin To Net: NetName=PB11 Pin=P5-1
Added Pin To Net: NetName=PB10 Pin=P5-2
Added Pin To Net: NetName=BOOT1 Pin=P5-3
Added Pin To Net: NetName=PB1 Pin=P5-4
Added Pin To Net: NetName=PB0 Pin=P5-5
Added Pin To Net: NetName=PC5 Pin=P5-6
Added Pin To Net: NetName=OLEDRESET Pin=P5-7
Added Pin To Net: NetName=PA7 Pin=P5-8
Added Pin To Net: NetName=PA6 Pin=P5-9
Added Pin To Net: NetName=PA5 Pin=P5-10
Added Pin To Net: NetName=PA4 Pin=P5-11
Added Pin To Net: NetName=3V3 Pin=P5-12
Added Pin To Net: NetName=PA3 Pin=P5-13
Added Pin To Net: NetName=PA2 Pin=P5-14
Added Pin To Net: NetName=PA1 Pin=P5-15
Added Pin To Net: NetName=PA0 Pin=P5-16
Added Pin To Net: NetName=PC3 Pin=P5-17
Added Pin To Net: NetName=PC2 Pin=P5-18
Added Pin To Net: NetName=PC1 Pin=P5-19
Added Pin To Net: NetName=PC0 Pin=P5-20
Added Pin To Net: NetName=GND Pin=P5-21
Added Pin To Net: NetName=GND Pin=P5-22
Added Pin To Net: NetName=3V3 Pin=P5-24
Added Pin To Net: NetName=3V3 Pin=P5-25
Added Pin To Net: NetName=PB9 Pin=P6-1
Added Pin To Net: NetName=PB8 Pin=P6-2
Added Pin To Net: NetName=PB7 Pin=P6-3
Added Pin To Net: NetName=PB6 Pin=P6-4
Added Pin To Net: NetName=PB5 Pin=P6-5
Added Pin To Net: NetName=PB4 Pin=P6-6
Added Pin To Net: NetName=PB3 Pin=P6-7
Added Pin To Net: NetName=PD2 Pin=P6-8
Added Pin To Net: NetName=PC10 Pin=P6-9
Added Pin To Net: NetName=PA15 Pin=P6-10
Added Pin To Net: NetName=PA14 Pin=P6-11
Added Pin To Net: NetName=PA13 Pin=P6-12
Added Pin To Net: NetName=PA12 Pin=P6-13
Added Pin To Net: NetName=PA11 Pin=P6-14
Added Pin To Net: NetName=PA10 Pin=P6-15
Added Pin To Net: NetName=PA9 Pin=P6-16
Added Pin To Net: NetName=PA8 Pin=P6-17
Added Pin To Net: NetName=PC9 Pin=P6-18
Added Pin To Net: NetName=PC8 Pin=P6-19
Added Pin To Net: NetName=PC7 Pin=P6-20
Added Pin To Net: NetName=PC6 Pin=P6-21
Added Pin To Net: NetName=PB15 Pin=P6-22
Added Pin To Net: NetName=PB14 Pin=P6-23
Added Pin To Net: NetName=PB13 Pin=P6-24
Added Pin To Net: NetName=PB12 Pin=P6-25
