Change Component Designator: Old Designator=ADC New Designator=ADC1
Change Component Designator: Old Designator=C9 New Designator=C5
Change Component Designator: Old Designator=C10 New Designator=C2
Change Component Designator: Old Designator=C10 New Designator=C6
Change Component Designator: Old Designator=C11 New Designator=C7
Change Component Designator: Old Designator=C12 New Designator=C3
Change Component Designator: Old Designator=C12 New Designator=C8
Change Component Designator: Old Designator=I2C1/TIM4 New Designator=I1
Change Component Designator: Old Designator=I2C2 New Designator=I2
Change Component Designator: Old Designator=LED7 New Designator=LED1
Change Component Designator: Old Designator=LED8 New Designator=LED2
Change Component Designator: Old Designator=LED9 New Designator=LED3
Change Component Designator: Old Designator=R3 New Designator=R1
Change Component Designator: Old Designator=R5 New Designator=R3
Change Component Designator: Old Designator=R10 New Designator=R2
Change Component Designator: Old Designator=R19 New Designator=R4
Change Component Designator: Old Designator=R20 New Designator=R5
Change Component Designator: Old Designator=R24 New Designator=R6
Change Component Designator: Old Designator=R25 New Designator=R7
Change Component Designator: Old Designator=R27 New Designator=R9
Change Component Designator: Old Designator=R28 New Designator=R8
Change Component Designator: Old Designator=R29 New Designator=R10
Change Component Designator: Old Designator=R30 New Designator=R13
Change Component Designator: Old Designator=R31 New Designator=R14
Change Component Designator: Old Designator=R32 New Designator=R12
Change Component Designator: Old Designator=R35 New Designator=R11
Change Component Designator: Old Designator=R36 New Designator=R15
Change Component Designator: Old Designator=R37 New Designator=R16
Change Component Designator: Old Designator=R38 New Designator=R17
Change Component Designator: Old Designator=R41 New Designator=R18
Change Component Designator: Old Designator=U3 New Designator=U1
